Сборка начата 11.05.2023 01:50:25.
Уровень детализации журнала: Normal.     1>Проект "C:\Users\yana\Desktop\12\12\12.vcxproj" в узле 2 (целевые объекты Build).
     1>InitializeBuildStatus:
         Создание "x64\Debug\12.tlog\unsuccessfulbuild", так как было задано "AlwaysCreate".
       ClCompile:
         C:\Program Files\Microsoft Visual Studio\2022\Enterprise\VC\Tools\MSVC\14.32.31326\bin\HostX64\x64\CL.exe /c /ZI /JMC /nologo /W3 /WX- /diagnostics:column /sdl /Od /D _DEBUG /D _CONSOLE /D _UNICODE /D UNICODE /Gm- /EHsc /RTC1 /MDd /GS /fp:precise /Zc:wchar_t /Zc:forScope /Zc:inline /permissive- /Fo"x64\Debug\\" /Fd"x64\Debug\vc143.pdb" /external:W3 /Gd /TP /FC /errorReport:prompt Source.cpp
         Source.cpp
       Link:
         C:\Program Files\Microsoft Visual Studio\2022\Enterprise\VC\Tools\MSVC\14.32.31326\bin\HostX64\x64\link.exe /ERRORREPORT:PROMPT /OUT:"C:\Users\yana\Desktop\12\x64\Debug\12.exe" /INCREMENTAL /ILK:"x64\Debug\12.ilk" /NOLOGO kernel32.lib user32.lib gdi32.lib winspool.lib comdlg32.lib advapi32.lib shell32.lib ole32.lib oleaut32.lib uuid.lib odbc32.lib odbccp32.lib /MANIFEST /MANIFESTUAC:"level='asInvoker' uiAccess='false'" /manifest:embed /DEBUG /PDB:"C:\Users\yana\Desktop\12\x64\Debug\12.pdb" /SUBSYSTEM:CONSOLE /TLBID:1 /DYNAMICBASE /NXCOMPAT /IMPLIB:"C:\Users\yana\Desktop\12\x64\Debug\12.lib" /MACHINE:X64 x64\Debug\Source.obj
     1>C:\Program Files\Microsoft Visual Studio\2022\Enterprise\MSBuild\Microsoft\VC\v170\Microsoft.CppCommon.targets(1092,5): error MSB6006: "link.exe" завершилась с кодом 1168.
     1>LINK : fatal error LNK1168: не удается открыть C:\Users\yana\Desktop\12\x64\Debug\12.exe для записи
     1>Сборка проекта "C:\Users\yana\Desktop\12\12\12.vcxproj" завершена (целевые объекты Build) с ошибкой.

Ошибка сборки.

       "C:\Users\yana\Desktop\12\12\12.vcxproj" (целевой объект Build ) (1) ->
       (Целевой объект Link) -> 
         C:\Program Files\Microsoft Visual Studio\2022\Enterprise\MSBuild\Microsoft\VC\v170\Microsoft.CppCommon.targets(1092,5): error MSB6006: "link.exe" завершилась с кодом 1168.
         LINK : fatal error LNK1168: не удается открыть C:\Users\yana\Desktop\12\x64\Debug\12.exe для записи

    Предупреждений: 0
    Ошибок: 2

Прошло времени 00:00:01.26
