Сборка начата 25.05.2023 01:43:52.
Уровень детализации журнала: Normal.     1>Проект "C:\Users\yana\Desktop\14\14\14.vcxproj" в узле 2 (целевые объекты Rebuild).
     1>_PrepareForClean:
         Файл "Debug\14.tlog\14.lastbuildstate" удаляется.
       InitializeBuildStatus:
         Обращение к "Debug\14.tlog\unsuccessfulbuild".
       ClCompile:
         C:\Program Files\Microsoft Visual Studio\2022\Enterprise\VC\Tools\MSVC\14.32.31326\bin\HostX86\x86\CL.exe /c /ZI /JMC /nologo /W3 /WX- /diagnostics:column /sdl /Od /Oy- /D WIN32 /D _DEBUG /D _CONSOLE /D _UNICODE /D UNICODE /Gm- /EHsc /RTC1 /MDd /GS /fp:precise /Zc:wchar_t /Zc:forScope /Zc:inline /permissive- /Fo"Debug\\" /Fd"Debug\vc143.pdb" /external:W3 /Gd /TP /analyze- /FC /errorReport:prompt Hash.cpp lab14.cpp
         Hash.cpp
         lab14.cpp
         Создание кода...
       Link:
         C:\Program Files\Microsoft Visual Studio\2022\Enterprise\VC\Tools\MSVC\14.32.31326\bin\HostX86\x86\link.exe /ERRORREPORT:PROMPT /OUT:"C:\Users\yana\Desktop\14\Debug\14.exe" /INCREMENTAL /ILK:"Debug\14.ilk" /NOLOGO kernel32.lib user32.lib gdi32.lib winspool.lib comdlg32.lib advapi32.lib shell32.lib ole32.lib oleaut32.lib uuid.lib odbc32.lib odbccp32.lib /MANIFEST /MANIFESTUAC:"level='asInvoker' uiAccess='false'" /manifest:embed /DEBUG /PDB:"C:\Users\yana\Desktop\14\Debug\14.pdb" /SUBSYSTEM:CONSOLE /TLBID:1 /DYNAMICBASE /NXCOMPAT /IMPLIB:"C:\Users\yana\Desktop\14\Debug\14.lib" /MACHINE:X86 Debug\Hash.obj
         Debug\lab14.obj
         14.vcxproj -> C:\Users\yana\Desktop\14\Debug\14.exe
       FinalizeBuildStatus:
         Файл "Debug\14.tlog\unsuccessfulbuild" удаляется.
         Обращение к "Debug\14.tlog\14.lastbuildstate".
     1>Сборка проекта "C:\Users\yana\Desktop\14\14\14.vcxproj" завершена (целевые объекты Rebuild).

Сборка успешно завершена.
    Предупреждений: 0
    Ошибок: 0

Прошло времени 00:00:02.75
